c:\users\marco\desktop\ocr\ocr\debug\vc120.pdb
c:\users\marco\desktop\ocr\ocr\debug\vc120.idb
c:\users\marco\desktop\ocr\ocr\debug\charhistogram.obj
c:\users\marco\desktop\ocr\ocr\debug\image.obj
c:\users\marco\desktop\ocr\ocr\debug\imagegray.obj
c:\users\marco\desktop\ocr\ocr\debug\imageloader.obj
c:\users\marco\desktop\ocr\ocr\debug\imagergb.obj
c:\users\marco\desktop\ocr\ocr\debug\ocr.obj
c:\users\marco\desktop\ocr\ocr\debug\splitlicenseplate.obj
c:\users\marco\desktop\ocr\debug\ocr.pdb
c:\users\marco\desktop\ocr\ocr\debug\ocr.tlog\cl.command.1.tlog
c:\users\marco\desktop\ocr\ocr\debug\ocr.tlog\cl.read.1.tlog
c:\users\marco\desktop\ocr\ocr\debug\ocr.tlog\cl.write.1.tlog
c:\users\marco\desktop\ocr\ocr\debug\ocr.tlog\link-cvtres.read.1.tlog
c:\users\marco\desktop\ocr\ocr\debug\ocr.tlog\link-cvtres.write.1.tlog
c:\users\marco\desktop\ocr\ocr\debug\ocr.tlog\link-rc.read.1.tlog
c:\users\marco\desktop\ocr\ocr\debug\ocr.tlog\link-rc.write.1.tlog
c:\users\marco\desktop\ocr\ocr\debug\ocr.tlog\link.command.1.tlog
c:\users\marco\desktop\ocr\ocr\debug\ocr.tlog\link.read.1.tlog
c:\users\marco\desktop\ocr\ocr\debug\ocr.tlog\link.write.1.tlog
