Build started 3-4-2014 11:52:22.
     1>Project "C:\Users\Marco\Desktop\OCR\OCR\OCR.vcxproj" on node 2 (Build target(s)).
     1>Link:
         C:\Program Files (x86)\Microsoft Visual Studio 12.0\VC\bin\link.exe /ERRORREPORT:PROMPT /OUT:"C:\Users\Marco\Desktop\OCR\Debug\OCR.exe" /INCREMENTAL /NOLOGO lib\corona.lib lib\jpeg.lib lib\libpng.lib lib\LibTimer.lib lib\zlib.lib kernel32.lib user32.lib gdi32.lib winspool.lib comdlg32.lib advapi32.lib shell32.lib ole32.lib oleaut32.lib uuid.lib odbc32.lib odbccp32.lib /MANIFEST /MANIFESTUAC:"level='asInvoker' uiAccess='false'" /manifest:embed /DEBUG /PDB:"C:\Users\Marco\Desktop\OCR\Debug\OCR.pdb" /SUBSYSTEM:CONSOLE /TLBID:1 /DYNAMICBASE /NXCOMPAT /IMPLIB:"C:\Users\Marco\Desktop\OCR\Debug\OCR.lib" /MACHINE:X86 Debug\charHistogram.obj
         Debug\Image.obj
         Debug\ImageGray.obj
         Debug\ImageLoader.obj
         Debug\ImageRGB.obj
         Debug\OCR.obj
         Debug\splitLicensePlate.obj
     1>ImageLoader.obj : error LNK2019: unresolved external symbol _png_set_sig_bytes referenced in function "public: struct cimg_library::CImg<unsigned char> & __thiscall cimg_library::CImg<unsigned char>::_load_png(struct _iobuf * const,char const * const)" (?_load_png@?$CImg@E@cimg_library@@QAEAAU12@QAU_iobuf@@QBD@Z)
     1>ImageLoader.obj : error LNK2019: unresolved external symbol _png_sig_cmp referenced in function "public: struct cimg_library::CImg<unsigned char> & __thiscall cimg_library::CImg<unsigned char>::_load_png(struct _iobuf * const,char const * const)" (?_load_png@?$CImg@E@cimg_library@@QAEAAU12@QAU_iobuf@@QBD@Z)
     1>ImageLoader.obj : error LNK2019: unresolved external symbol _png_create_read_struct referenced in function "public: struct cimg_library::CImg<unsigned char> & __thiscall cimg_library::CImg<unsigned char>::_load_png(struct _iobuf * const,char const * const)" (?_load_png@?$CImg@E@cimg_library@@QAEAAU12@QAU_iobuf@@QBD@Z)
     1>ImageLoader.obj : error LNK2019: unresolved external symbol _png_set_longjmp_fn referenced in function "public: struct cimg_library::CImg<unsigned char> & __thiscall cimg_library::CImg<unsigned char>::_load_png(struct _iobuf * const,char const * const)" (?_load_png@?$CImg@E@cimg_library@@QAEAAU12@QAU_iobuf@@QBD@Z)
     1>ImageLoader.obj : error LNK2019: unresolved external symbol _png_create_info_struct referenced in function "public: struct cimg_library::CImg<unsigned char> & __thiscall cimg_library::CImg<unsigned char>::_load_png(struct _iobuf * const,char const * const)" (?_load_png@?$CImg@E@cimg_library@@QAEAAU12@QAU_iobuf@@QBD@Z)
     1>ImageLoader.obj : error LNK2019: unresolved external symbol _png_read_info referenced in function "public: struct cimg_library::CImg<unsigned char> & __thiscall cimg_library::CImg<unsigned char>::_load_png(struct _iobuf * const,char const * const)" (?_load_png@?$CImg@E@cimg_library@@QAEAAU12@QAU_iobuf@@QBD@Z)
     1>ImageLoader.obj : error LNK2019: unresolved external symbol _png_set_expand_gray_1_2_4_to_8 referenced in function "public: struct cimg_library::CImg<unsigned char> & __thiscall cimg_library::CImg<unsigned char>::_load_png(struct _iobuf * const,char const * const)" (?_load_png@?$CImg@E@cimg_library@@QAEAAU12@QAU_iobuf@@QBD@Z)
     1>ImageLoader.obj : error LNK2019: unresolved external symbol _png_set_palette_to_rgb referenced in function "public: struct cimg_library::CImg<unsigned char> & __thiscall cimg_library::CImg<unsigned char>::_load_png(struct _iobuf * const,char const * const)" (?_load_png@?$CImg@E@cimg_library@@QAEAAU12@QAU_iobuf@@QBD@Z)
     1>ImageLoader.obj : error LNK2019: unresolved external symbol _png_set_tRNS_to_alpha referenced in function "public: struct cimg_library::CImg<unsigned char> & __thiscall cimg_library::CImg<unsigned char>::_load_png(struct _iobuf * const,char const * const)" (?_load_png@?$CImg@E@cimg_library@@QAEAAU12@QAU_iobuf@@QBD@Z)
     1>ImageLoader.obj : error LNK2019: unresolved external symbol _png_set_gray_to_rgb referenced in function "public: struct cimg_library::CImg<unsigned char> & __thiscall cimg_library::CImg<unsigned char>::_load_png(struct _iobuf * const,char const * const)" (?_load_png@?$CImg@E@cimg_library@@QAEAAU12@QAU_iobuf@@QBD@Z)
     1>ImageLoader.obj : error LNK2019: unresolved external symbol _png_set_filler referenced in function "public: struct cimg_library::CImg<unsigned char> & __thiscall cimg_library::CImg<unsigned char>::_load_png(struct _iobuf * const,char const * const)" (?_load_png@?$CImg@E@cimg_library@@QAEAAU12@QAU_iobuf@@QBD@Z)
     1>ImageLoader.obj : error LNK2019: unresolved external symbol _png_read_update_info referenced in function "public: struct cimg_library::CImg<unsigned char> & __thiscall cimg_library::CImg<unsigned char>::_load_png(struct _iobuf * const,char const * const)" (?_load_png@?$CImg@E@cimg_library@@QAEAAU12@QAU_iobuf@@QBD@Z)
     1>ImageLoader.obj : error LNK2019: unresolved external symbol _png_read_image referenced in function "public: struct cimg_library::CImg<unsigned char> & __thiscall cimg_library::CImg<unsigned char>::_load_png(struct _iobuf * const,char const * const)" (?_load_png@?$CImg@E@cimg_library@@QAEAAU12@QAU_iobuf@@QBD@Z)
     1>ImageLoader.obj : error LNK2019: unresolved external symbol _png_read_end referenced in function "public: struct cimg_library::CImg<unsigned char> & __thiscall cimg_library::CImg<unsigned char>::_load_png(struct _iobuf * const,char const * const)" (?_load_png@?$CImg@E@cimg_library@@QAEAAU12@QAU_iobuf@@QBD@Z)
     1>ImageLoader.obj : error LNK2019: unresolved external symbol _png_destroy_read_struct referenced in function "public: struct cimg_library::CImg<unsigned char> & __thiscall cimg_library::CImg<unsigned char>::_load_png(struct _iobuf * const,char const * const)" (?_load_png@?$CImg@E@cimg_library@@QAEAAU12@QAU_iobuf@@QBD@Z)
     1>ImageLoader.obj : error LNK2019: unresolved external symbol _png_init_io referenced in function "public: struct cimg_library::CImg<unsigned char> & __thiscall cimg_library::CImg<unsigned char>::_load_png(struct _iobuf * const,char const * const)" (?_load_png@?$CImg@E@cimg_library@@QAEAAU12@QAU_iobuf@@QBD@Z)
     1>ImageLoader.obj : error LNK2019: unresolved external symbol _png_get_valid referenced in function "public: struct cimg_library::CImg<unsigned char> & __thiscall cimg_library::CImg<unsigned char>::_load_png(struct _iobuf * const,char const * const)" (?_load_png@?$CImg@E@cimg_library@@QAEAAU12@QAU_iobuf@@QBD@Z)
     1>ImageLoader.obj : error LNK2019: unresolved external symbol _png_get_IHDR referenced in function "public: struct cimg_library::CImg<unsigned char> & __thiscall cimg_library::CImg<unsigned char>::_load_png(struct _iobuf * const,char const * const)" (?_load_png@?$CImg@E@cimg_library@@QAEAAU12@QAU_iobuf@@QBD@Z)
     1>ImageLoader.obj : error LNK2019: unresolved external symbol _jpeg_std_error referenced in function "public: struct cimg_library::CImg<unsigned char> & __thiscall cimg_library::CImg<unsigned char>::_load_jpeg(struct _iobuf * const,char const * const)" (?_load_jpeg@?$CImg@E@cimg_library@@QAEAAU12@QAU_iobuf@@QBD@Z)
     1>ImageLoader.obj : error LNK2019: unresolved external symbol _jpeg_CreateDecompress referenced in function "public: struct cimg_library::CImg<unsigned char> & __thiscall cimg_library::CImg<unsigned char>::_load_jpeg(struct _iobuf * const,char const * const)" (?_load_jpeg@?$CImg@E@cimg_library@@QAEAAU12@QAU_iobuf@@QBD@Z)
     1>ImageLoader.obj : error LNK2019: unresolved external symbol _jpeg_destroy_decompress referenced in function "public: struct cimg_library::CImg<unsigned char> & __thiscall cimg_library::CImg<unsigned char>::_load_jpeg(struct _iobuf * const,char const * const)" (?_load_jpeg@?$CImg@E@cimg_library@@QAEAAU12@QAU_iobuf@@QBD@Z)
     1>ImageLoader.obj : error LNK2019: unresolved external symbol _jpeg_stdio_src referenced in function "public: struct cimg_library::CImg<unsigned char> & __thiscall cimg_library::CImg<unsigned char>::_load_jpeg(struct _iobuf * const,char const * const)" (?_load_jpeg@?$CImg@E@cimg_library@@QAEAAU12@QAU_iobuf@@QBD@Z)
     1>ImageLoader.obj : error LNK2019: unresolved external symbol _jpeg_read_header referenced in function "public: struct cimg_library::CImg<unsigned char> & __thiscall cimg_library::CImg<unsigned char>::_load_jpeg(struct _iobuf * const,char const * const)" (?_load_jpeg@?$CImg@E@cimg_library@@QAEAAU12@QAU_iobuf@@QBD@Z)
     1>ImageLoader.obj : error LNK2019: unresolved external symbol _jpeg_start_decompress referenced in function "public: struct cimg_library::CImg<unsigned char> & __thiscall cimg_library::CImg<unsigned char>::_load_jpeg(struct _iobuf * const,char const * const)" (?_load_jpeg@?$CImg@E@cimg_library@@QAEAAU12@QAU_iobuf@@QBD@Z)
     1>ImageLoader.obj : error LNK2019: unresolved external symbol _jpeg_read_scanlines referenced in function "public: struct cimg_library::CImg<unsigned char> & __thiscall cimg_library::CImg<unsigned char>::_load_jpeg(struct _iobuf * const,char const * const)" (?_load_jpeg@?$CImg@E@cimg_library@@QAEAAU12@QAU_iobuf@@QBD@Z)
     1>ImageLoader.obj : error LNK2019: unresolved external symbol _jpeg_finish_decompress referenced in function "public: struct cimg_library::CImg<unsigned char> & __thiscall cimg_library::CImg<unsigned char>::_load_jpeg(struct _iobuf * const,char const * const)" (?_load_jpeg@?$CImg@E@cimg_library@@QAEAAU12@QAU_iobuf@@QBD@Z)
     1>ImageLoader.obj : error LNK2019: unresolved external symbol _jpeg_destroy referenced in function "public: static void __cdecl cimg_library::CImg<unsigned char>::_cimg_jpeg_error_exit(struct jpeg_common_struct *)" (?_cimg_jpeg_error_exit@?$CImg@E@cimg_library@@SAXPAUjpeg_common_struct@@@Z)
     1>C:\Users\Marco\Desktop\OCR\Debug\OCR.exe : fatal error LNK1120: 27 unresolved externals
     1>Done Building Project "C:\Users\Marco\Desktop\OCR\OCR\OCR.vcxproj" (Build target(s)) -- FAILED.

Build FAILED.

Time Elapsed 00:00:00.22
